{"timestamp":"2026-02-18T11:16:35.016849Z","level":"info","event":"DAG bundles loaded: dags-folder, example_dags","logger":"airflow.dag_processing.bundles.manager.DagBundlesManager","filename":"manager.py","lineno":179}
{"timestamp":"2026-02-18T11:16:35.017342Z","level":"info","event":"Filling up the DagBag from /Users/alpesh/Desktop/Python_Learn_Hard_Way/materials_project/dags/api_calling_dag.py","logger":"airflow.models.dagbag.BundleDagBag","filename":"dagbag.py","lineno":593}
{"timestamp":"2026-02-18T11:16:37.765082Z","level":"warning","event":"The `airflow.operators.python.PythonOperator` attribute is deprecated. Please use `'airflow.providers.standard.operators.python.PythonOperator'`.","category":"DeprecatedImportWarning","filename":"/Users/alpesh/Desktop/Python_Learn_Hard_Way/materials_project/dags/api_calling_dag.py","lineno":2,"logger":"py.warnings"}
{"timestamp":"2026-02-18T11:16:37.765169Z","level":"warning","event":"The `airflow.hooks.base.BaseHook` attribute is deprecated. Please use `'airflow.sdk.bases.hook.BaseHook'`.","category":"DeprecatedImportWarning","filename":"/Users/alpesh/Desktop/Python_Learn_Hard_Way/materials_project/dags/api_calling_dag.py","lineno":3,"logger":"py.warnings"}
{"timestamp":"2026-02-18T11:16:37.775513Z","level":"info","event":"Task instance is in running state","logger":"task.stdout"}
{"timestamp":"2026-02-18T11:16:37.775596Z","level":"info","event":" Previous state of the Task instance: TaskInstanceState.QUEUED","logger":"task.stdout"}
{"timestamp":"2026-02-18T11:16:37.775963Z","level":"info","event":"Current task name:fetch_materials_data","logger":"task.stdout"}
{"timestamp":"2026-02-18T11:16:37.775996Z","level":"info","event":"Dag name:02_materials_project_dag","logger":"task.stdout"}
{"timestamp":"2026-02-18T11:16:37.781533Z","level":"info","event":"Authenticating with MPRester...","logger":"task.stdout"}
{"timestamp":"2026-02-18T11:16:40.695392Z","level":"error","event":"\rRetrieving SummaryDoc documents:   0%|          | 0/3 [00:00<?, ?it/s]\rRetrieving SummaryDoc documents: 100%|██████████| 3/3 [00:00<00:00, 78643.20it/s]","logger":"task.stderr"}
{"timestamp":"2026-02-18T11:16:40.695750Z","level":"info","event":"Found 3 documents.","logger":"task.stdout"}
{"timestamp":"2026-02-18T11:16:40.695802Z","level":"info","event":"Writing results to: .././dags/output/output_20260218_1216.txt","logger":"task.stdout"}
{"timestamp":"2026-02-18T11:16:40.695838Z","level":"info","event":"Saved: ID: mp-22526 | Formula: LiCoO2","logger":"task.stdout"}
{"timestamp":"2026-02-18T11:16:40.695867Z","level":"info","event":"Saved: ID: mp-149 | Formula: Si","logger":"task.stdout"}
{"timestamp":"2026-02-18T11:16:40.695893Z","level":"info","event":"Saved: ID: mp-13 | Formula: Fe","logger":"task.stdout"}
{"timestamp":"2026-02-18T11:16:40.690840Z","level":"info","event":"Done. Returned value was: .././dags/output/output_20260218_1216.txt","logger":"airflow.task.operators.airflow.providers.standard.operators.python.PythonOperator","filename":"python.py","lineno":230}
{"timestamp":"2026-02-18T11:16:40.691195Z","level":"info","event":"Pushing xcom","ti":"RuntimeTaskInstance(id=UUID('019c7077-3e5f-79ee-a0c1-801a005e853d'), task_id='fetch_materials_data', dag_id='02_materials_project_dag', run_id='manual__2026-02-18T11:16:28.880318+00:00', try_number=1, dag_version_id=UUID('019c7068-a558-7cca-ae58-845badcdae5e'), map_index=-1, hostname='alpeshs-macbook-pro.local', context_carrier={}, task=<Task(PythonOperator): fetch_materials_data>, bundle_instance=LocalDagBundle(name=dags-folder), max_tries=1, start_date=datetime.datetime(2026, 2, 18, 11, 16, 34, 695526, tzinfo=datetime.timezone.utc), end_date=None, state=<TaskInstanceState.RUNNING: 'running'>, is_mapped=False, rendered_map_index=None)","logger":"task","filename":"task_runner.py","lineno":1522}
{"timestamp":"2026-02-18T11:16:40.712097Z","level":"info","event":"Task instance in success state","logger":"task.stdout"}
{"timestamp":"2026-02-18T11:16:40.712222Z","level":"info","event":" Previous state of the Task instance: TaskInstanceState.RUNNING","logger":"task.stdout"}
{"timestamp":"2026-02-18T11:16:40.712815Z","level":"info","event":"Task operator:<Task(PythonOperator): fetch_materials_data>","logger":"task.stdout"}
