{"timestamp":"2026-02-18T11:12:43.581333Z","level":"info","event":"DAG bundles loaded: dags-folder, example_dags","logger":"airflow.dag_processing.bundles.manager.DagBundlesManager","filename":"manager.py","lineno":179}
{"timestamp":"2026-02-18T11:12:43.581758Z","level":"info","event":"Filling up the DagBag from /Users/alpesh/Desktop/Python_Learn_Hard_Way/materials_project/dags/api_calling_dag.py","logger":"airflow.models.dagbag.BundleDagBag","filename":"dagbag.py","lineno":593}
{"timestamp":"2026-02-18T11:12:47.343615Z","level":"warning","event":"The `airflow.operators.python.PythonOperator` attribute is deprecated. Please use `'airflow.providers.standard.operators.python.PythonOperator'`.","category":"DeprecatedImportWarning","filename":"/Users/alpesh/Desktop/Python_Learn_Hard_Way/materials_project/dags/api_calling_dag.py","lineno":2,"logger":"py.warnings"}
{"timestamp":"2026-02-18T11:12:47.343701Z","level":"warning","event":"The `airflow.hooks.base.BaseHook` attribute is deprecated. Please use `'airflow.sdk.bases.hook.BaseHook'`.","category":"DeprecatedImportWarning","filename":"/Users/alpesh/Desktop/Python_Learn_Hard_Way/materials_project/dags/api_calling_dag.py","lineno":3,"logger":"py.warnings"}
{"timestamp":"2026-02-18T11:12:47.380115Z","level":"info","event":"Task instance is in running state","logger":"task.stdout"}
{"timestamp":"2026-02-18T11:12:47.380243Z","level":"info","event":" Previous state of the Task instance: TaskInstanceState.QUEUED","logger":"task.stdout"}
{"timestamp":"2026-02-18T11:12:47.380733Z","level":"info","event":"Current task name:fetch_materials_data","logger":"task.stdout"}
{"timestamp":"2026-02-18T11:12:47.380769Z","level":"info","event":"Dag name:02_materials_project_dag","logger":"task.stdout"}
{"timestamp":"2026-02-18T11:12:47.389394Z","level":"info","event":"Authenticating with MPRester...","logger":"task.stdout"}
{"timestamp":"2026-02-18T11:12:48.871244Z","level":"error","event":"\rRetrieving SummaryDoc documents:   0%|          | 0/3 [00:00<?, ?it/s]\rRetrieving SummaryDoc documents: 100%|██████████| 3/3 [00:00<00:00, 99864.38it/s]","logger":"task.stderr"}
{"timestamp":"2026-02-18T11:12:48.871397Z","level":"info","event":"Found 3 documents.","logger":"task.stdout"}
{"timestamp":"2026-02-18T11:12:48.871439Z","level":"info","event":"Writing results to: output/output_20260218_1212.txt","logger":"task.stdout"}
{"timestamp":"2026-02-18T11:12:48.871471Z","level":"info","event":"Saved: ID: mp-149 | Formula: Si","logger":"task.stdout"}
{"timestamp":"2026-02-18T11:12:48.871501Z","level":"info","event":"Saved: ID: mp-13 | Formula: Fe","logger":"task.stdout"}
{"timestamp":"2026-02-18T11:12:48.871527Z","level":"info","event":"Saved: ID: mp-22526 | Formula: LiCoO2","logger":"task.stdout"}
{"timestamp":"2026-02-18T11:12:48.869391Z","level":"info","event":"Done. Returned value was: output/output_20260218_1212.txt","logger":"airflow.task.operators.airflow.providers.standard.operators.python.PythonOperator","filename":"python.py","lineno":230}
{"timestamp":"2026-02-18T11:12:48.869859Z","level":"info","event":"Pushing xcom","ti":"RuntimeTaskInstance(id=UUID('019c7073-aa1e-7b96-9d04-9e9dd911a418'), task_id='fetch_materials_data', dag_id='02_materials_project_dag', run_id='manual__2026-02-18T11:12:34.313615+00:00', try_number=1, dag_version_id=UUID('019c7068-a558-7cca-ae58-845badcdae5e'), map_index=-1, hostname='alpeshs-macbook-pro.local', context_carrier={}, task=<Task(PythonOperator): fetch_materials_data>, bundle_instance=LocalDagBundle(name=dags-folder), max_tries=1, start_date=datetime.datetime(2026, 2, 18, 11, 12, 43, 233913, tzinfo=datetime.timezone.utc), end_date=None, state=<TaskInstanceState.RUNNING: 'running'>, is_mapped=False, rendered_map_index=None)","logger":"task","filename":"task_runner.py","lineno":1522}
{"timestamp":"2026-02-18T11:12:48.886320Z","level":"info","event":"Task instance in success state","logger":"task.stdout"}
{"timestamp":"2026-02-18T11:12:48.886429Z","level":"info","event":" Previous state of the Task instance: TaskInstanceState.RUNNING","logger":"task.stdout"}
{"timestamp":"2026-02-18T11:12:48.887151Z","level":"info","event":"Task operator:<Task(PythonOperator): fetch_materials_data>","logger":"task.stdout"}
